<?xml version="1.0" encoding="UTF-8"?>
<robot generator="Robot 5.0.1 (Python 3.10.5 on win32)" generated="20220811 06:39:07.773" rpa="false" schemaversion="3">
<suite id="s1" name="01 Simplcacl Test" source="E:\Github\RobotFramework-Mobile-Testing-Team-2\01_simplcacl_test.robot">
<test id="s1-t1" name="Test_additional" line="14">
<kw name="Open_calculator">
<kw name="Open Application">
<arg>${host}</arg>
<arg>platformName=${platAndroid}</arg>
<arg>deviceName=${emulator}</arg>
<arg>appPackage=com.everydaycalculation.casiocalculator</arg>
<arg>appActivity=com.everydaycalculation.casiocalculator.Basic</arg>
<arg>autoGrantPermissions=true</arg>
<msg timestamp="20220811 06:39:07.808" level="FAIL">No keyword with name 'Open Application' found.</msg>
<status status="FAIL" starttime="20220811 06:39:07.808" endtime="20220811 06:39:07.808"/>
</kw>
<kw name="wait until page contains element">
<arg>id=com.everydaycalculation.casiocalculator:id/mainLayout</arg>
<status status="NOT RUN" starttime="20220811 06:39:07.809" endtime="20220811 06:39:07.809"/>
</kw>
<status status="FAIL" starttime="20220811 06:39:07.807" endtime="20220811 06:39:07.810"/>
</kw>
<kw name="click element">
<arg>id=com.everydaycalculation.casiocalculator:id/btn_9</arg>
<status status="NOT RUN" starttime="20220811 06:39:07.811" endtime="20220811 06:39:07.811"/>
</kw>
<kw name="Element Should Contain Text">
<arg>id=com.everydaycalculation.casiocalculator:id/txt_out</arg>
<arg>9</arg>
<status status="NOT RUN" starttime="20220811 06:39:07.812" endtime="20220811 06:39:07.812"/>
</kw>
<kw name="click element">
<arg>id=com.everydaycalculation.casiocalculator:id/btn_add</arg>
<status status="NOT RUN" starttime="20220811 06:39:07.813" endtime="20220811 06:39:07.813"/>
</kw>
<kw name="click element">
<arg>id=com.everydaycalculation.casiocalculator:id/btn_3</arg>
<status status="NOT RUN" starttime="20220811 06:39:07.814" endtime="20220811 06:39:07.814"/>
</kw>
<kw name="Element Should Contain Text">
<arg>id=com.everydaycalculation.casiocalculator:id/txt_out</arg>
<arg>3</arg>
<status status="NOT RUN" starttime="20220811 06:39:07.815" endtime="20220811 06:39:07.815"/>
</kw>
<kw name="Element Should Contain Text">
<arg>com.everydaycalculation.casiocalculator:id/txt_hint</arg>
<arg>9 +</arg>
<status status="NOT RUN" starttime="20220811 06:39:07.816" endtime="20220811 06:39:07.816"/>
</kw>
<kw name="click element">
<arg>id=com.everydaycalculation.casiocalculator:id/btn_equals</arg>
<status status="NOT RUN" starttime="20220811 06:39:07.817" endtime="20220811 06:39:07.818"/>
</kw>
<kw name="Element Should Contain Text">
<arg>com.everydaycalculation.casiocalculator:id/txt_hint</arg>
<arg>9 + 3</arg>
<status status="NOT RUN" starttime="20220811 06:39:07.819" endtime="20220811 06:39:07.819"/>
</kw>
<kw name="Element Should Contain Text">
<arg>id=com.everydaycalculation.casiocalculator:id/txt_out</arg>
<arg>12</arg>
<status status="NOT RUN" starttime="20220811 06:39:07.820" endtime="20220811 06:39:07.820"/>
</kw>
<tag>calculator</tag>
<status status="FAIL" starttime="20220811 06:39:07.806" endtime="20220811 06:39:07.820">No keyword with name 'Open Application' found.</status>
</test>
<status status="FAIL" starttime="20220811 06:39:07.774" endtime="20220811 06:39:07.821"/>
</suite>
<statistics>
<total>
<stat pass="0" fail="1" skip="0">All Tests</stat>
</total>
<tag>
<stat pass="0" fail="1" skip="0">calculator</stat>
</tag>
<suite>
<stat pass="0" fail="1" skip="0" id="s1" name="01 Simplcacl Test">01 Simplcacl Test</stat>
</suite>
</statistics>
<errors>
<msg timestamp="20220811 06:39:07.804" level="ERROR">Error in file 'E:\Github\RobotFramework-Mobile-Testing-Team-2\01_simplcacl_test.robot' on line 2: Importing library 'AppiumLibrary' failed: ModuleNotFoundError: No module named 'selenium.webdriver.remote.webelement'
Traceback (most recent call last):
  File "C:\Python310\lib\site-packages\AppiumLibrary\__init__.py", line 4, in &lt;module&gt;
    from AppiumLibrary.keywords import *
  File "C:\Python310\lib\site-packages\AppiumLibrary\keywords\__init__.py", line 5, in &lt;module&gt;
    from ._element import _ElementKeywords
  File "C:\Python310\lib\site-packages\AppiumLibrary\keywords\_element.py", line 8, in &lt;module&gt;
    from selenium.webdriver.remote.webelement import WebElement
PYTHONPATH:
  C:\Python310\Scripts\robot.exe
  C:\Python310\python310.zip
  C:\Python310\DLLs
  C:\Python310\lib
  C:\Python310
  C:\Python310\lib\site-packages</msg>
</errors>
</robot>
